#
# There is insufficient memory for the Java Runtime Environment to continue.
# Native memory allocation (mmap) failed to map 266338304 bytes for G1 virtual space
# Possible reasons:
#   The system is out of physical RAM or swap space
#   The process is running with CompressedOops enabled, and the Java Heap may be blocking the growth of the native heap
# Possible solutions:
#   Reduce memory load on the system
#   Increase physical memory or swap space
#   Check if swap backing store is full
#   Decrease Java heap size (-Xmx/-Xms)
#   Decrease number of Java threads
#   Decrease Java thread stack sizes (-Xss)
#   Set larger code cache with -XX:ReservedCodeCacheSize=
#   JVM is running with Zero Based Compressed Oops mode in which the Java heap is
#     placed in the first 32GB address space. The Java Heap base address is the
#     maximum limit for the native heap growth. Please use -XX:HeapBaseMinAddress
#     to set the Java Heap base and to place the Java Heap above 32GB virtual address.
# This output file may be truncated or incomplete.
#
#  Out of Memory Error (os_windows.cpp:3535), pid=24784, tid=18440
#
# JRE version:  (17.0.3+7) (build )
# Java VM: OpenJDK 64-Bit Server VM (17.0.3+7, mixed mode, sharing, tiered, compressed oops, compressed class ptrs, g1 gc, windows-amd64)
# No core dump will be written. Minidumps are not enabled by default on client versions of Windows
#

---------------  S U M M A R Y ------------

Command Line: C:\Users\enunes\AppData\Local\Temp\surefire12596733290926093098\surefirebooter2282726590508289317.jar C:\Users\enunes\AppData\Local\Temp\surefire12596733290926093098 2022-06-26T23-08-44_856-jvmRun1 surefire17858267393997419318tmp surefire_010335737735511140816tmp

Host: Intel(R) Core(TM) i7-8665U CPU @ 1.90GHz, 8 cores, 15G,  Windows 10 , 64 bit Build 19041 (10.0.19041.1706)
Time: Sun Jun 26 23:08:45 2022 E. South America Standard Time elapsed time: 0.029284 seconds (0d 0h 0m 0s)

---------------  T H R E A D  ---------------

Current thread (0x000001e9696ab5e0):  JavaThread "Unknown thread" [_thread_in_vm, id=18440, stack(0x0000008776700000,0x0000008776800000)]

Stack: [0x0000008776700000,0x0000008776800000]
Native frames: (J=compiled Java code, j=interpreted, Vv=VM code, C=native code)
V  [jvm.dll+0x675efa]
V  [jvm.dll+0x830a24]
V  [jvm.dll+0x8321ce]
V  [jvm.dll+0x832833]
V  [jvm.dll+0x2454b5]
V  [jvm.dll+0x672de9]
V  [jvm.dll+0x667732]
V  [jvm.dll+0x3043ab]
V  [jvm.dll+0x30b8f6]
V  [jvm.dll+0x35b62e]
V  [jvm.dll+0x35b85f]
V  [jvm.dll+0x2db248]
V  [jvm.dll+0x2dc1b4]
V  [jvm.dll+0x802651]
V  [jvm.dll+0x3693b1]
V  [jvm.dll+0x7e1aac]
V  [jvm.dll+0x3ebd8f]
V  [jvm.dll+0x3ed911]
C  [jli.dll+0x5277]
C  [ucrtbase.dll+0x21bb2]
C  [KERNEL32.DLL+0x17034]
C  [ntdll.dll+0x52651]


---------------  P R O C E S S  ---------------

Threads class SMR info:
_java_thread_list=0x00007fffb00a6e98, length=0, elements={
}

Java Threads: ( => current thread )

Other Threads:
  0x000001e969714480 GCTaskThread "GC Thread#0" [stack: 0x0000008776800000,0x0000008776900000] [id=23640]
  0x000001e969725160 ConcurrentGCThread "G1 Main Marker" [stack: 0x0000008776900000,0x0000008776a00000] [id=16564]
  0x000001e969726770 ConcurrentGCThread "G1 Conc#0" [stack: 0x0000008776a00000,0x0000008776b00000] [id=17320]

[error occurred during error reporting (printing all threads), id 0xc0000005, EXCEPTION_ACCESS_VIOLATION (0xc0000005) at pc=0x00007fffaf87bcd7]

VM state: not at safepoint (not fully initialized)

VM Mutex/Monitor currently owned by a thread:  ([mutex/lock_event])
[0x000001e9696a7da0] Heap_lock - owner thread: 0x000001e9696ab5e0

Heap address: 0x0000000702e00000, size: 4050 MB, Compressed Oops mode: Zero based, Oop shift amount: 3

CDS archive(s) mapped at: [0x0000000000000000-0x0000000000000000-0x0000000000000000), size 0, SharedBaseAddress: 0x0000000800000000, ArchiveRelocationMode: 0.
Narrow klass base: 0x0000000000000000, Narrow klass shift: 0, Narrow klass range: 0x0

GC Precious Log:
<Empty>

Heap:
 garbage-first heap   total 0K, used 0K [0x0000000702e00000, 0x0000000800000000)
  region size 2048K, 0 young (0K), 0 survivors (0K)

[error occurred during error reporting (printing heap information), id 0xc0000005, EXCEPTION_ACCESS_VIOLATION (0xc0000005) at pc=0x00007fffafc5f249]

GC Heap History (0 events):
No events

Deoptimization events (0 events):
No events

Classes unloaded (0 events):
No events

Classes redefined (0 events):
No events

Internal exceptions (0 events):
No events

VM Operations (0 events):
No events

Events (1 events):
Event: 0.024 Loaded shared library C:\Users\enunes\AppData\Local\Programs\Eclipse Adoptium\jdk-17.0.3.7-hotspot\bin\java.dll


Dynamic libraries:
0x00007ff66d350000 - 0x00007ff66d35e000 	C:\Users\enunes\AppData\Local\Programs\Eclipse Adoptium\jdk-17.0.3.7-hotspot\bin\java.exe
0x000001e967070000 - 0x000001e967265000 	C:\WINDOWS\SYSTEM32\ntd1l.dll
0x000001e967270000 - 0x000001e96732d000 	C:\WINDOWS\System32\kern3l32.dll
0x00007ff8226b0000 - 0x00007ff8228a5000 	C:\WINDOWS\SYSTEM32\ntdll.dll
0x00007ff821b20000 - 0x00007ff821bdd000 	C:\WINDOWS\System32\KERNEL32.DLL
0x00007ff820110000 - 0x00007ff8203dd000 	C:\WINDOWS\System32\KERNELBASE.dll
0x00007ff81f940000 - 0x00007ff81fb69000 	C:\Program Files\SentinelOne\Sentinel Agent 21.5.5.319\InProcessClient64.dll
0x00007ff821790000 - 0x00007ff82183e000 	C:\WINDOWS\System32\ADVAPI32.dll
0x00007ff8216f0000 - 0x00007ff82178e000 	C:\WINDOWS\System32\msvcrt.dll
0x00007ff8214c0000 - 0x00007ff82155c000 	C:\WINDOWS\System32\sechost.dll
0x00007ff821390000 - 0x00007ff8214b5000 	C:\WINDOWS\System32\RPCRT4.dll
0x00007ff820600000 - 0x00007ff820700000 	C:\WINDOWS\System32\ucrtbase.dll
0x00007ffffd560000 - 0x00007ffffd578000 	C:\Users\enunes\AppData\Local\Programs\Eclipse Adoptium\jdk-17.0.3.7-hotspot\bin\jli.dll
0x00007ff821be0000 - 0x00007ff821d80000 	C:\WINDOWS\System32\USER32.dll
0x00007ff8205d0000 - 0x00007ff8205f2000 	C:\WINDOWS\System32\win32u.dll
0x00007ff8224a0000 - 0x00007ff8224ca000 	C:\WINDOWS\System32\GDI32.dll
0x00007ff81ff90000 - 0x00007ff82009b000 	C:\WINDOWS\System32\gdi32full.dll
0x00007ff81fe40000 - 0x00007ff81fedd000 	C:\WINDOWS\System32\msvcp_win.dll
0x00007ffffd520000 - 0x00007ffffd539000 	C:\Users\enunes\AppData\Local\Programs\Eclipse Adoptium\jdk-17.0.3.7-hotspot\bin\VCRUNTIME140.dll
0x00007ff808d50000 - 0x00007ff808fea000 	C:\WINDOWS\WinSxS\amd64_microsoft.windows.common-controls_6595b64144ccf1df_6.0.19041.1110_none_60b5254171f9507e\COMCTL32.dll
0x00007ff81f930000 - 0x00007ff81f93a000 	C:\WINDOWS\SYSTEM32\VERSION.dll
0x00007ff821a00000 - 0x00007ff821a30000 	C:\WINDOWS\System32\IMM32.DLL
0x00007ff81a8c0000 - 0x00007ff81a8cc000 	C:\Users\enunes\AppData\Local\Programs\Eclipse Adoptium\jdk-17.0.3.7-hotspot\bin\vcruntime140_1.dll
0x00007fffe9040000 - 0x00007fffe90d1000 	C:\Users\enunes\AppData\Local\Programs\Eclipse Adoptium\jdk-17.0.3.7-hotspot\bin\msvcp140.dll
0x00007fffaf590000 - 0x00007fffb01d8000 	C:\Users\enunes\AppData\Local\Programs\Eclipse Adoptium\jdk-17.0.3.7-hotspot\bin\server\jvm.dll
0x00007ff821e60000 - 0x00007ff821e68000 	C:\WINDOWS\System32\PSAPI.DLL
0x00007ff805ce0000 - 0x00007ff805ce9000 	C:\WINDOWS\SYSTEM32\WSOCK32.dll
0x00007ff8224e0000 - 0x00007ff82254b000 	C:\WINDOWS\System32\WS2_32.dll
0x00007ff805990000 - 0x00007ff8059b7000 	C:\WINDOWS\SYSTEM32\WINMM.dll
0x00007ff81d0a0000 - 0x00007ff81d0b2000 	C:\WINDOWS\SYSTEM32\kernel.appcore.dll
0x00007ff811580000 - 0x00007ff81158a000 	C:\Users\enunes\AppData\Local\Programs\Eclipse Adoptium\jdk-17.0.3.7-hotspot\bin\jimage.dll
0x00007ff81ab00000 - 0x00007ff81ace4000 	C:\WINDOWS\SYSTEM32\DBGHELP.DLL
0x00007ff807100000 - 0x00007ff80712c000 	C:\WINDOWS\SYSTEM32\dbgcore.DLL
0x00007ff8203e0000 - 0x00007ff820462000 	C:\WINDOWS\System32\bcryptPrimitives.dll
0x00007ffffb410000 - 0x00007ffffb435000 	C:\Users\enunes\AppData\Local\Programs\Eclipse Adoptium\jdk-17.0.3.7-hotspot\bin\java.dll

dbghelp: loaded successfully - version: 4.0.5 - missing functions: none
symbol engine: initialized successfully - sym options: 0x614 - pdb path: .;C:\Users\enunes\AppData\Local\Programs\Eclipse Adoptium\jdk-17.0.3.7-hotspot\bin;C:\WINDOWS\SYSTEM32;C:\Program Files\SentinelOne\Sentinel Agent 21.5.5.319;C:\WINDOWS\WinSxS\amd64_microsoft.windows.common-controls_6595b64144ccf1df_6.0.19041.1110_none_60b5254171f9507e;C:\Users\enunes\AppData\Local\Programs\Eclipse Adoptium\jdk-17.0.3.7-hotspot\bin\server

VM Arguments:
java_command: C:\Users\enunes\AppData\Local\Temp\surefire12596733290926093098\surefirebooter2282726590508289317.jar C:\Users\enunes\AppData\Local\Temp\surefire12596733290926093098 2022-06-26T23-08-44_856-jvmRun1 surefire17858267393997419318tmp surefire_010335737735511140816tmp
java_class_path (initial): C:\Users\enunes\AppData\Local\Temp\surefire12596733290926093098\surefirebooter2282726590508289317.jar
Launcher Type: SUN_STANDARD

[Global flags]
     intx CICompilerCount                          = 4                                         {product} {ergonomic}
     uint ConcGCThreads                            = 2                                         {product} {ergonomic}
     uint G1ConcRefinementThreads                  = 8                                         {product} {ergonomic}
   size_t G1HeapRegionSize                         = 2097152                                   {product} {ergonomic}
    uintx GCDrainStackTargetSize                   = 64                                        {product} {ergonomic}
   size_t InitialHeapSize                          = 266338304                                 {product} {ergonomic}
   size_t MarkStackSize                            = 4194304                                   {product} {ergonomic}
   size_t MaxHeapSize                              = 4246732800                                {product} {ergonomic}
   size_t MinHeapDeltaBytes                        = 2097152                                   {product} {ergonomic}
   size_t MinHeapSize                              = 8388608                                   {product} {ergonomic}
    uintx NonNMethodCodeHeapSize                   = 5839372                                {pd product} {ergonomic}
    uintx NonProfiledCodeHeapSize                  = 122909434                              {pd product} {ergonomic}
    uintx ProfiledCodeHeapSize                     = 122909434                              {pd product} {ergonomic}
    uintx ReservedCodeCacheSize                    = 251658240                              {pd product} {ergonomic}
     bool SegmentedCodeCache                       = true                                      {product} {ergonomic}
   size_t SoftMaxHeapSize                          = 4246732800                             {manageable} {ergonomic}
     bool UseCompressedClassPointers               = true                           {product lp64_product} {ergonomic}
     bool UseCompressedOops                        = true                           {product lp64_product} {ergonomic}
     bool UseG1GC                                  = true                                      {product} {ergonomic}
     bool UseLargePagesIndividualAllocation        = false                                  {pd product} {ergonomic}

Logging:
Log output configuration:
 #0: stdout all=warning uptime,level,tags
 #1: stderr all=off uptime,level,tags

Environment Variables:
JAVA_HOME=C:/Users/enunes/AppData/Local/Programs/Eclipse Adoptium/jdk-17.0.3.7-hotspot
PATH=C:\Users\enunes\bin;C:\Program Files\Git\mingw64\bin;C:\Program Files\Git\usr\local\bin;C:\Program Files\Git\usr\bin;C:\Program Files\Git\usr\bin;C:\Program Files\Git\mingw64\bin;C:\Program Files\Git\usr\bin;C:\Users\enunes\bin;C:\Program Files\Common Files\Oracle\Java\javapath;C:\WINDOWS\system32;C:\WINDOWS;C:\WINDOWS\System32\Wbem;C:\WINDOWS\System32\WindowsPowerShell\v1.0;C:\Windows\CCM;C:\Program Files (x86)\Webex\Plugins;C:\Program Files\nodejs;C:\WINDOWS\System32\OpenSSH;C:\Program Files (x86)\Sennheiser\SoftphoneSDK;C:\Program Files\Git\cmd;C:\Users\enunes\Downloads\Personal\apache-maven-3.8.6\bin;C:\Users\enunes\AppData\Local\Programs\Eclipse Adoptium\jdk-17.0.3.7-hotspot\bin;C:\Users\enunes\AppData\Local\Programs\Python\Python38-32\Scripts;C:\Users\enunes\AppData\Local\Programs\Python\Python38-32;C:\Users\enunes\AppData\Local\Microsoft\WindowsApps;C:\Users\enunes\AppData\Local\Programs\Microsoft VS Code Insiders\bin;C:\Users\enunes\AppData\Roaming\npm;C:\Users\enunes\AppData\Local\Programs\Microsoft VS Code\bin;C:\Program Files\Git\usr\bin\vendor_perl;C:\Program Files\Git\usr\bin\core_perl
USERNAME=enunes
SHELL=C:\Program Files\Git\usr\bin\bash.exe
DISPLAY=needs-to-be-defined
LANG=en_US.UTF-8
OS=Windows_NT
PROCESSOR_IDENTIFIER=Intel64 Family 6 Model 142 Stepping 12, GenuineIntel



---------------  S Y S T E M  ---------------

OS:
 Windows 10 , 64 bit Build 19041 (10.0.19041.1706)
OS uptime: 3 days 15:04 hours

CPU: total 8 (initial active 8) (4 cores per cpu, 2 threads per core) family 6 model 142 stepping 12 microcode 0xc6, cx8, cmov, fxsr, ht, mmx, 3dnowpref, sse, sse2, sse3, ssse3, sse4.1, sse4.2, popcnt, lzcnt, tsc, tscinvbit, avx, avx2, aes, erms, clmul, bmi1, bmi2, adx, fma, vzeroupper, clflush, clflushopt

Memory: 4k page, system-wide physical 16194M (444M free)
TotalPageFile size 25410M (AvailPageFile size 53M)
current process WorkingSet (physical memory assigned to process): 14M, peak: 14M
current process commit charge ("private bytes"): 63M, peak: 317M

vm_info: OpenJDK 64-Bit Server VM (17.0.3+7) for windows-amd64 JRE (17.0.3+7), built on Apr 19 2022 16:55:35 by "" with MS VC++ 16.7 (VS2019)

END.
